# JRE version: OpenJDK Runtime Environment (8.0_152-b02) (build 1.8.0_152-release-1024-b02)
# Java VM: OpenJDK 64-Bit Server VM (25.152-b02 mixed mode windows-amd64 compressed oops)
Heap:
 PSYoungGen      total 352256K, used 69669K [0x00000000e0000000, 0x00000000fa800000, 0x0000000100000000)
  eden space 300544K, 9% used [0x00000000e0000000,0x00000000e1b2fa80,0x00000000f2580000)
  from space 51712K, 80% used [0x00000000f2580000,0x00000000f4e59af0,0x00000000f5800000)
  to   space 56832K, 0% used [0x00000000f7080000,0x00000000f7080000,0x00000000fa800000)
 ParOldGen       total 223744K, used 76882K [0x00000000a0000000, 0x00000000ada80000, 0x00000000e0000000)
  object space 223744K, 34% used [0x00000000a0000000,0x00000000a4b14a98,0x00000000ada80000)
 Metaspace       used 89346K, capacity 94352K, committed 96512K, reserved 1132544K
  class space    used 11219K, capacity 12263K, committed 12800K, reserved 1048576K
GC Heap History (10 events):
Event: 4125.691 GC heap before
{Heap before GC invocations=37 (full 3):
 PSYoungGen      total 313856K, used 313802K [0x00000000e0000000, 0x00000000f7700000, 0x0000000100000000)
  eden space 290304K, 99% used [0x00000000e0000000,0x00000000f1b7a6e8,0x00000000f1b80000)
  from space 23552K, 99% used [0x00000000f1b80000,0x00000000f3278428,0x00000000f3280000)
  to   space 31744K, 0% used [0x00000000f5800000,0x00000000f5800000,0x00000000f7700000)
 ParOldGen       total 147968K, used 111748K [0x00000000a0000000, 0x00000000a9080000, 0x00000000e0000000)
  object space 147968K, 75% used [0x00000000a0000000,0x00000000a6d21358,0x00000000a9080000)
 Metaspace       used 89950K, capacity 95342K, committed 95616K, reserved 1132544K
  class space    used 11455K, capacity 12610K, committed 12672K, reserved 1048576K
Event: 4125.729 GC heap after
Heap after GC invocations=37 (full 3):
 PSYoungGen      total 348160K, used 27453K [0x00000000e0000000, 0x00000000f7b80000, 0x0000000100000000)
  eden space 316416K, 0% used [0x00000000e0000000,0x00000000e0000000,0x00000000f3500000)
  from space 31744K, 86% used [0x00000000f5800000,0x00000000f72cf550,0x00000000f7700000)
  to   space 35840K, 0% used [0x00000000f3500000,0x00000000f3500000,0x00000000f5800000)
 ParOldGen       total 147968K, used 119483K [0x00000000a0000000, 0x00000000a9080000, 0x00000000e0000000)
  object space 147968K, 80% used [0x00000000a0000000,0x00000000a74aef00,0x00000000a9080000)
 Metaspace       used 89950K, capacity 95342K, committed 95616K, reserved 1132544K
  class space    used 11455K, capacity 12610K, committed 12672K, reserved 1048576K
}
Event: 4680.623 GC heap before
{Heap before GC invocations=38 (full 3):
 PSYoungGen      total 348160K, used 343869K [0x00000000e0000000, 0x00000000f7b80000, 0x0000000100000000)
  eden space 316416K, 100% used [0x00000000e0000000,0x00000000f3500000,0x00000000f3500000)
  from space 31744K, 86% used [0x00000000f5800000,0x00000000f72cf550,0x00000000f7700000)
  to   space 35840K, 0% used [0x00000000f3500000,0x00000000f3500000,0x00000000f5800000)
 ParOldGen       total 147968K, used 119483K [0x00000000a0000000, 0x00000000a9080000, 0x00000000e0000000)
  object space 147968K, 80% used [0x00000000a0000000,0x00000000a74aef00,0x00000000a9080000)
 Metaspace       used 90686K, capacity 96412K, committed 96512K, reserved 1132544K
  class space    used 11579K, capacity 12777K, committed 12800K, reserved 1048576K
Event: 4680.734 GC heap after
Heap after GC invocations=38 (full 3):
 PSYoungGen      total 340480K, used 35830K [0x00000000e0000000, 0x00000000f8480000, 0x0000000100000000)
  eden space 304640K, 0% used [0x00000000e0000000,0x00000000e0000000,0x00000000f2980000)
  from space 35840K, 99% used [0x00000000f3500000,0x00000000f57fdb40,0x00000000f5800000)
  to   space 45568K, 0% used [0x00000000f5800000,0x00000000f5800000,0x00000000f8480000)
 ParOldGen       total 147968K, used 132528K [0x00000000a0000000, 0x00000000a9080000, 0x00000000e0000000)
  object space 147968K, 89% used [0x00000000a0000000,0x00000000a816c0f8,0x00000000a9080000)
 Metaspace       used 90686K, capacity 96412K, committed 96512K, reserved 1132544K
  class space    used 11579K, capacity 12777K, committed 12800K, reserved 1048576K
}
Event: 4680.734 GC heap before
{Heap before GC invocations=39 (full 4):
 PSYoungGen      total 340480K, used 35830K [0x00000000e0000000, 0x00000000f8480000, 0x0000000100000000)
  eden space 304640K, 0% used [0x00000000e0000000,0x00000000e0000000,0x00000000f2980000)
  from space 35840K, 99% used [0x00000000f3500000,0x00000000f57fdb40,0x00000000f5800000)
  to   space 45568K, 0% used [0x00000000f5800000,0x00000000f5800000,0x00000000f8480000)
 ParOldGen       total 147968K, used 132528K [0x00000000a0000000, 0x00000000a9080000, 0x00000000e0000000)
  object space 147968K, 89% used [0x00000000a0000000,0x00000000a816c0f8,0x00000000a9080000)
 Metaspace       used 90686K, capacity 96412K, committed 96512K, reserved 1132544K
  class space    used 11579K, capacity 12777K, committed 12800K, reserved 1048576K
Event: 4681.180 GC heap after
Heap after GC invocations=39 (full 4):
 PSYoungGen      total 340480K, used 0K [0x00000000e0000000, 0x00000000f8480000, 0x0000000100000000)
  eden space 304640K, 0% used [0x00000000e0000000,0x00000000e0000000,0x00000000f2980000)
  from space 35840K, 0% used [0x00000000f3500000,0x00000000f3500000,0x00000000f5800000)
  to   space 45568K, 0% used [0x00000000f5800000,0x00000000f5800000,0x00000000f8480000)
 ParOldGen       total 223744K, used 76866K [0x00000000a0000000, 0x00000000ada80000, 0x00000000e0000000)
  object space 223744K, 34% used [0x00000000a0000000,0x00000000a4b10a98,0x00000000ada80000)
 Metaspace       used 88910K, capacity 93764K, committed 96512K, reserved 1132544K
  class space    used 11192K, capacity 12219K, committed 12800K, reserved 1048576K
}
Event: 4752.051 GC heap before
{Heap before GC invocations=40 (full 4):
 PSYoungGen      total 340480K, used 304412K [0x00000000e0000000, 0x00000000f8480000, 0x0000000100000000)
  eden space 304640K, 99% used [0x00000000e0000000,0x00000000f2947198,0x00000000f2980000)
  from space 35840K, 0% used [0x00000000f3500000,0x00000000f3500000,0x00000000f5800000)
  to   space 45568K, 0% used [0x00000000f5800000,0x00000000f5800000,0x00000000f8480000)
 ParOldGen       total 223744K, used 76866K [0x00000000a0000000, 0x00000000ada80000, 0x00000000e0000000)
  object space 223744K, 34% used [0x00000000a0000000,0x00000000a4b10a98,0x00000000ada80000)
 Metaspace       used 89148K, capacity 94170K, committed 96512K, reserved 1132544K
  class space    used 11212K, capacity 12254K, committed 12800K, reserved 1048576K
Event: 4752.130 GC heap after
Heap after GC invocations=40 (full 4):
 PSYoungGen      total 346112K, used 38038K [0x00000000e0000000, 0x00000000fa600000, 0x0000000100000000)
  eden space 300544K, 0% used [0x00000000e0000000,0x00000000e0000000,0x00000000f2580000)
  from space 45568K, 83% used [0x00000000f5800000,0x00000000f7d25a28,0x00000000f8480000)
  to   space 51712K, 0% used [0x00000000f2580000,0x00000000f2580000,0x00000000f5800000)
 ParOldGen       total 223744K, used 76874K [0x00000000a0000000, 0x00000000ada80000, 0x00000000e0000000)
  object space 223744K, 34% used [0x00000000a0000000,0x00000000a4b12a98,0x00000000ada80000)
 Metaspace       used 89148K, capacity 94170K, committed 96512K, reserved 1132544K
  class space    used 11212K, capacity 12254K, committed 12800K, reserved 1048576K
}
Event: 4797.827 GC heap before
{Heap before GC invocations=41 (full 4):
 PSYoungGen      total 346112K, used 338582K [0x00000000e0000000, 0x00000000fa600000, 0x0000000100000000)
  eden space 300544K, 100% used [0x00000000e0000000,0x00000000f2580000,0x00000000f2580000)
  from space 45568K, 83% used [0x00000000f5800000,0x00000000f7d25a28,0x00000000f8480000)
  to   space 51712K, 0% used [0x00000000f2580000,0x00000000f2580000,0x00000000f5800000)
 ParOldGen       total 223744K, used 76874K [0x00000000a0000000, 0x00000000ada80000, 0x00000000e0000000)
  object space 223744K, 34% used [0x00000000a0000000,0x00000000a4b12a98,0x00000000ada80000)
 Metaspace       used 89342K, capacity 94352K, committed 96512K, reserved 1132544K
  class space    used 11219K, capacity 12263K, committed 12800K, reserved 1048576K
Event: 4797.874 GC heap after
Heap after GC invocations=41 (full 4):
 PSYoungGen      total 352256K, used 41830K [0x00000000e0000000, 0x00000000fa800000, 0x0000000100000000)
  eden space 300544K, 0% used [0x00000000e0000000,0x00000000e0000000,0x00000000f2580000)
  from space 51712K, 80% used [0x00000000f2580000,0x00000000f4e59af0,0x00000000f5800000)
  to   space 56832K, 0% used [0x00000000f7080000,0x00000000f7080000,0x00000000fa800000)
 ParOldGen       total 223744K, used 76882K [0x00000000a0000000, 0x00000000ada80000, 0x00000000e0000000)
  object space 223744K, 34% used [0x00000000a0000000,0x00000000a4b14a98,0x00000000ada80000)
 Metaspace       used 89342K, capacity 94352K, committed 96512K, reserved 1132544K
  class space    used 11219K, capacity 12263K, committed 12800K, reserved 1048576K
}

