# JRE version: OpenJDK Runtime Environment (8.0_152-b02) (build 1.8.0_152-release-1024-b02)
# Java VM: OpenJDK 64-Bit Server VM (25.152-b02 mixed mode windows-amd64 compressed oops)
Heap:
 PSYoungGen      total 301056K, used 244430K [0x00000000e0000000, 0x00000000f6880000, 0x0000000100000000)
  eden space 269312K, 86% used [0x00000000e0000000,0x00000000ee351f38,0x00000000f0700000)
  from space 31744K, 36% used [0x00000000f0700000,0x00000000f1261950,0x00000000f2600000)
  to   space 30208K, 0% used [0x00000000f4b00000,0x00000000f4b00000,0x00000000f6880000)
 ParOldGen       total 168448K, used 49085K [0x00000000a0000000, 0x00000000aa480000, 0x00000000e0000000)
  object space 168448K, 29% used [0x00000000a0000000,0x00000000a2fef758,0x00000000aa480000)
 Metaspace       used 75594K, capacity 78514K, committed 79360K, reserved 1118208K
  class space    used 9658K, capacity 10284K, committed 10496K, reserved 1048576K
GC Heap History (10 events):
Event: 313.570 GC heap before
{Heap before GC invocations=17 (full 3):
 PSYoungGen      total 192512K, used 192491K [0x00000000e0000000, 0x00000000f1200000, 0x0000000100000000)
  eden space 175616K, 100% used [0x00000000e0000000,0x00000000eab80000,0x00000000eab80000)
  from space 16896K, 99% used [0x00000000eab80000,0x00000000ebbfadd8,0x00000000ebc00000)
  to   space 26112K, 0% used [0x00000000ef880000,0x00000000ef880000,0x00000000f1200000)
 ParOldGen       total 118784K, used 58041K [0x00000000a0000000, 0x00000000a7400000, 0x00000000e0000000)
  object space 118784K, 48% used [0x00000000a0000000,0x00000000a38ae5b0,0x00000000a7400000)
 Metaspace       used 73192K, capacity 76382K, committed 76544K, reserved 1116160K
  class space    used 9737K, capacity 10418K, committed 10496K, reserved 1048576K
Event: 313.613 GC heap after
Heap after GC invocations=17 (full 3):
 PSYoungGen      total 236032K, used 11043K [0x00000000e0000000, 0x00000000f0780000, 0x0000000100000000)
  eden space 220672K, 0% used [0x00000000e0000000,0x00000000e0000000,0x00000000ed780000)
  from space 15360K, 71% used [0x00000000ef880000,0x00000000f0348c50,0x00000000f0780000)
  to   space 24576K, 0% used [0x00000000ed780000,0x00000000ed780000,0x00000000eef80000)
 ParOldGen       total 118784K, used 72253K [0x00000000a0000000, 0x00000000a7400000, 0x00000000e0000000)
  object space 118784K, 60% used [0x00000000a0000000,0x00000000a468f400,0x00000000a7400000)
 Metaspace       used 73192K, capacity 76382K, committed 76544K, reserved 1116160K
  class space    used 9737K, capacity 10418K, committed 10496K, reserved 1048576K
}
Event: 316.971 GC heap before
{Heap before GC invocations=18 (full 3):
 PSYoungGen      total 236032K, used 231715K [0x00000000e0000000, 0x00000000f0780000, 0x0000000100000000)
  eden space 220672K, 100% used [0x00000000e0000000,0x00000000ed780000,0x00000000ed780000)
  from space 15360K, 71% used [0x00000000ef880000,0x00000000f0348c50,0x00000000f0780000)
  to   space 24576K, 0% used [0x00000000ed780000,0x00000000ed780000,0x00000000eef80000)
 ParOldGen       total 118784K, used 72253K [0x00000000a0000000, 0x00000000a7400000, 0x00000000e0000000)
  object space 118784K, 60% used [0x00000000a0000000,0x00000000a468f400,0x00000000a7400000)
 Metaspace       used 74265K, capacity 77574K, committed 77824K, reserved 1116160K
  class space    used 9755K, capacity 10452K, committed 10496K, reserved 1048576K
Event: 317.012 GC heap after
Heap after GC invocations=18 (full 3):
 PSYoungGen      total 245248K, used 24551K [0x00000000e0000000, 0x00000000f5180000, 0x0000000100000000)
  eden space 220672K, 0% used [0x00000000e0000000,0x00000000e0000000,0x00000000ed780000)
  from space 24576K, 99% used [0x00000000ed780000,0x00000000eef79fd0,0x00000000eef80000)
  to   space 33792K, 0% used [0x00000000f3080000,0x00000000f3080000,0x00000000f5180000)
 ParOldGen       total 118784K, used 86692K [0x00000000a0000000, 0x00000000a7400000, 0x00000000e0000000)
  object space 118784K, 72% used [0x00000000a0000000,0x00000000a54a9348,0x00000000a7400000)
 Metaspace       used 74265K, capacity 77574K, committed 77824K, reserved 1116160K
  class space    used 9755K, capacity 10452K, committed 10496K, reserved 1048576K
}
Event: 595.375 GC heap before
{Heap before GC invocations=19 (full 3):
 PSYoungGen      total 245248K, used 243227K [0x00000000e0000000, 0x00000000f5180000, 0x0000000100000000)
  eden space 220672K, 99% used [0x00000000e0000000,0x00000000ed58cf38,0x00000000ed780000)
  from space 24576K, 99% used [0x00000000ed780000,0x00000000eef79fd0,0x00000000eef80000)
  to   space 33792K, 0% used [0x00000000f3080000,0x00000000f3080000,0x00000000f5180000)
 ParOldGen       total 118784K, used 86692K [0x00000000a0000000, 0x00000000a7400000, 0x00000000e0000000)
  object space 118784K, 72% used [0x00000000a0000000,0x00000000a54a9348,0x00000000a7400000)
 Metaspace       used 75208K, capacity 78752K, committed 78848K, reserved 1118208K
  class space    used 9779K, capacity 10495K, committed 10496K, reserved 1048576K
Event: 595.438 GC heap after
Heap after GC invocations=19 (full 3):
 PSYoungGen      total 290304K, used 13193K [0x00000000e0000000, 0x00000000f4500000, 0x0000000100000000)
  eden space 269312K, 0% used [0x00000000e0000000,0x00000000e0000000,0x00000000f0700000)
  from space 20992K, 62% used [0x00000000f3080000,0x00000000f3d62628,0x00000000f4500000)
  to   space 31744K, 0% used [0x00000000f0700000,0x00000000f0700000,0x00000000f2600000)
 ParOldGen       total 118784K, used 105270K [0x00000000a0000000, 0x00000000a7400000, 0x00000000e0000000)
  object space 118784K, 88% used [0x00000000a0000000,0x00000000a66cdbe0,0x00000000a7400000)
 Metaspace       used 75208K, capacity 78752K, committed 78848K, reserved 1118208K
  class space    used 9779K, capacity 10495K, committed 10496K, reserved 1048576K
}
Event: 595.438 GC heap before
{Heap before GC invocations=20 (full 4):
 PSYoungGen      total 290304K, used 13193K [0x00000000e0000000, 0x00000000f4500000, 0x0000000100000000)
  eden space 269312K, 0% used [0x00000000e0000000,0x00000000e0000000,0x00000000f0700000)
  from space 20992K, 62% used [0x00000000f3080000,0x00000000f3d62628,0x00000000f4500000)
  to   space 31744K, 0% used [0x00000000f0700000,0x00000000f0700000,0x00000000f2600000)
 ParOldGen       total 118784K, used 105270K [0x00000000a0000000, 0x00000000a7400000, 0x00000000e0000000)
  object space 118784K, 88% used [0x00000000a0000000,0x00000000a66cdbe0,0x00000000a7400000)
 Metaspace       used 75208K, capacity 78752K, committed 78848K, reserved 1118208K
  class space    used 9779K, capacity 10495K, committed 10496K, reserved 1048576K
Event: 595.591 GC heap after
Heap after GC invocations=20 (full 4):
 PSYoungGen      total 290304K, used 0K [0x00000000e0000000, 0x00000000f4500000, 0x0000000100000000)
  eden space 269312K, 0% used [0x00000000e0000000,0x00000000e0000000,0x00000000f0700000)
  from space 20992K, 0% used [0x00000000f3080000,0x00000000f3080000,0x00000000f4500000)
  to   space 31744K, 0% used [0x00000000f0700000,0x00000000f0700000,0x00000000f2600000)
 ParOldGen       total 168448K, used 49077K [0x00000000a0000000, 0x00000000aa480000, 0x00000000e0000000)
  object space 168448K, 29% used [0x00000000a0000000,0x00000000a2fed758,0x00000000aa480000)
 Metaspace       used 74807K, capacity 77708K, committed 78848K, reserved 1118208K
  class space    used 9638K, capacity 10251K, committed 10496K, reserved 1048576K
}
Event: 769.264 GC heap before
{Heap before GC invocations=21 (full 4):
 PSYoungGen      total 290304K, used 269312K [0x00000000e0000000, 0x00000000f4500000, 0x0000000100000000)
  eden space 269312K, 100% used [0x00000000e0000000,0x00000000f0700000,0x00000000f0700000)
  from space 20992K, 0% used [0x00000000f3080000,0x00000000f3080000,0x00000000f4500000)
  to   space 31744K, 0% used [0x00000000f0700000,0x00000000f0700000,0x00000000f2600000)
 ParOldGen       total 168448K, used 49077K [0x00000000a0000000, 0x00000000aa480000, 0x00000000e0000000)
  object space 168448K, 29% used [0x00000000a0000000,0x00000000a2fed758,0x00000000aa480000)
 Metaspace       used 75326K, capacity 78276K, committed 79360K, reserved 1118208K
  class space    used 9655K, capacity 10279K, committed 10496K, reserved 1048576K
Event: 769.288 GC heap after
Heap after GC invocations=21 (full 4):
 PSYoungGen      total 301056K, used 11654K [0x00000000e0000000, 0x00000000f6880000, 0x0000000100000000)
  eden space 269312K, 0% used [0x00000000e0000000,0x00000000e0000000,0x00000000f0700000)
  from space 31744K, 36% used [0x00000000f0700000,0x00000000f1261950,0x00000000f2600000)
  to   space 30208K, 0% used [0x00000000f4b00000,0x00000000f4b00000,0x00000000f6880000)
 ParOldGen       total 168448K, used 49085K [0x00000000a0000000, 0x00000000aa480000, 0x00000000e0000000)
  object space 168448K, 29% used [0x00000000a0000000,0x00000000a2fef758,0x00000000aa480000)
 Metaspace       used 75326K, capacity 78276K, committed 79360K, reserved 1118208K
  class space    used 9655K, capacity 10279K, committed 10496K, reserved 1048576K
}

